<?xml version="1.0" encoding="UTF-8"?>
<testsuite xmlns:xsi="http://www.w3.org/2001/XMLSchema-instance" xsi:noNamespaceSchemaLocation="https://maven.apache.org/surefire/maven-surefire-plugin/xsd/surefire-test-report.xsd" name="tw.edu.nctu.cs.lxchen.st.lab3_mvn.TestPriorityQueue" time="0.004" tests="1" errors="0" skipped="0" failures="0">
  <properties>
    <property name="sun.desktop" value="windows"/>
    <property name="awt.toolkit" value="sun.awt.windows.WToolkit"/>
    <property name="java.specification.version" value="11"/>
    <property name="sun.cpu.isalist" value="amd64"/>
    <property name="sun.jnu.encoding" value="MS950"/>
    <property name="java.class.path" value="D:\school_projects\碩一下 軟體測試\lab3-mvn\target\test-classes;D:\school_projects\碩一下 軟體測試\lab3-mvn\target\classes;C:\Users\twbra\.m2\repository\org\junit\jupiter\junit-jupiter-api\5.6.0\junit-jupiter-api-5.6.0.jar;C:\Users\twbra\.m2\repository\org\apiguardian\apiguardian-api\1.1.0\apiguardian-api-1.1.0.jar;C:\Users\twbra\.m2\repository\org\opentest4j\opentest4j\1.2.0\opentest4j-1.2.0.jar;C:\Users\twbra\.m2\repository\org\junit\platform\junit-platform-commons\1.6.0\junit-platform-commons-1.6.0.jar;C:\Users\twbra\.m2\repository\org\junit\jupiter\junit-jupiter-engine\5.6.0\junit-jupiter-engine-5.6.0.jar;C:\Users\twbra\.m2\repository\org\junit\platform\junit-platform-engine\1.6.0\junit-platform-engine-1.6.0.jar;C:\Users\twbra\.m2\repository\org\mockito\mockito-core\3.5.15\mockito-core-3.5.15.jar;C:\Users\twbra\.m2\repository\net\bytebuddy\byte-buddy\1.10.15\byte-buddy-1.10.15.jar;C:\Users\twbra\.m2\repository\net\bytebuddy\byte-buddy-agent\1.10.15\byte-buddy-agent-1.10.15.jar;C:\Users\twbra\.m2\repository\org\objenesis\objenesis\3.1\objenesis-3.1.jar;C:\Users\twbra\.m2\repository\org\mockito\mockito-junit-jupiter\3.5.15\mockito-junit-jupiter-3.5.15.jar;C:\Users\twbra\.m2\repository\org\mockito\mockito-inline\3.5.15\mockito-inline-3.5.15.jar;"/>
    <property name="java.vm.vendor" value="Amazon.com Inc."/>
    <property name="sun.arch.data.model" value="64"/>
    <property name="user.variant" value=""/>
    <property name="java.vendor.url" value="https://aws.amazon.com/corretto/"/>
    <property name="user.timezone" value="Asia/Taipei"/>
    <property name="java.vm.specification.version" value="11"/>
    <property name="os.name" value="Windows 10"/>
    <property name="sun.java.launcher" value="SUN_STANDARD"/>
    <property name="user.country" value="TW"/>
    <property name="sun.boot.library.path" value="C:\Users\twbra\.jdks\corretto-11.0.10\bin"/>
    <property name="sun.java.command" value="C:\Users\twbra\AppData\Local\Temp\surefire17672420276750359780\surefirebooter13558492534082973807.jar C:\Users\twbra\AppData\Local\Temp\surefire17672420276750359780 2021-03-18T17-35-08_884-jvmRun1 surefire13002475644672803466tmp surefire_06326055571891762609tmp"/>
    <property name="jdk.debug" value="release"/>
    <property name="surefire.test.class.path" value="D:\school_projects\碩一下 軟體測試\lab3-mvn\target\test-classes;D:\school_projects\碩一下 軟體測試\lab3-mvn\target\classes;C:\Users\twbra\.m2\repository\org\junit\jupiter\junit-jupiter-api\5.6.0\junit-jupiter-api-5.6.0.jar;C:\Users\twbra\.m2\repository\org\apiguardian\apiguardian-api\1.1.0\apiguardian-api-1.1.0.jar;C:\Users\twbra\.m2\repository\org\opentest4j\opentest4j\1.2.0\opentest4j-1.2.0.jar;C:\Users\twbra\.m2\repository\org\junit\platform\junit-platform-commons\1.6.0\junit-platform-commons-1.6.0.jar;C:\Users\twbra\.m2\repository\org\junit\jupiter\junit-jupiter-engine\5.6.0\junit-jupiter-engine-5.6.0.jar;C:\Users\twbra\.m2\repository\org\junit\platform\junit-platform-engine\1.6.0\junit-platform-engine-1.6.0.jar;C:\Users\twbra\.m2\repository\org\mockito\mockito-core\3.5.15\mockito-core-3.5.15.jar;C:\Users\twbra\.m2\repository\net\bytebuddy\byte-buddy\1.10.15\byte-buddy-1.10.15.jar;C:\Users\twbra\.m2\repository\net\bytebuddy\byte-buddy-agent\1.10.15\byte-buddy-agent-1.10.15.jar;C:\Users\twbra\.m2\repository\org\objenesis\objenesis\3.1\objenesis-3.1.jar;C:\Users\twbra\.m2\repository\org\mockito\mockito-junit-jupiter\3.5.15\mockito-junit-jupiter-3.5.15.jar;C:\Users\twbra\.m2\repository\org\mockito\mockito-inline\3.5.15\mockito-inline-3.5.15.jar;"/>
    <property name="sun.cpu.endian" value="little"/>
    <property name="user.home" value="C:\Users\twbra"/>
    <property name="user.language" value="zh"/>
    <property name="java.specification.vendor" value="Oracle Corporation"/>
    <property name="java.version.date" value="2021-01-19"/>
    <property name="java.home" value="C:\Users\twbra\.jdks\corretto-11.0.10"/>
    <property name="file.separator" value="\"/>
    <property name="basedir" value="D:\school_projects\碩一下 軟體測試\lab3-mvn"/>
    <property name="java.vm.compressedOopsMode" value="Zero based"/>
    <property name="line.separator" value="&#10;"/>
    <property name="java.specification.name" value="Java Platform API Specification"/>
    <property name="java.vm.specification.vendor" value="Oracle Corporation"/>
    <property name="java.awt.graphicsenv" value="sun.awt.Win32GraphicsEnvironment"/>
    <property name="surefire.real.class.path" value="C:\Users\twbra\AppData\Local\Temp\surefire17672420276750359780\surefirebooter13558492534082973807.jar"/>
    <property name="user.script" value=""/>
    <property name="sun.management.compiler" value="HotSpot 64-Bit Tiered Compilers"/>
    <property name="java.runtime.version" value="11.0.10+9-LTS"/>
    <property name="user.name" value="twbra"/>
    <property name="path.separator" value=";"/>
    <property name="os.version" value="10.0"/>
    <property name="java.runtime.name" value="OpenJDK Runtime Environment"/>
    <property name="file.encoding" value="MS950"/>
    <property name="java.vm.name" value="OpenJDK 64-Bit Server VM"/>
    <property name="java.vendor.version" value="Corretto-11.0.10.9.1"/>
    <property name="localRepository" value="C:\Users\twbra\.m2\repository"/>
    <property name="java.vendor.url.bug" value="https://github.com/corretto/corretto-11/issues/"/>
    <property name="java.io.tmpdir" value="C:\Users\twbra\AppData\Local\Temp\"/>
    <property name="java.version" value="11.0.10"/>
    <property name="user.dir" value="D:\school_projects\碩一下 軟體測試\lab3-mvn"/>
    <property name="os.arch" value="amd64"/>
    <property name="java.vm.specification.name" value="Java Virtual Machine Specification"/>
    <property name="java.awt.printerjob" value="sun.awt.windows.WPrinterJob"/>
    <property name="sun.os.patch.level" value=""/>
    <property name="java.library.path" value="C:\Users\twbra\.jdks\corretto-11.0.10\bin;C:\WINDOWS\Sun\Java\bin;C:\WINDOWS\system32;C:\WINDOWS;C:\Program Files (x86)\Common Files\Oracle\Java\javapath;C:\WINDOWS\system32;C:\WINDOWS;C:\WINDOWS\System32\Wbem;C:\WINDOWS\System32\WindowsPowerShell\v1.0\;C:\WINDOWS\System32\OpenSSH\;C:\Program Files\Git\cmd;C:\Program Files\nodejs\;C:\Program Files\PuTTY\;C:\ProgramData\ComposerSetup\bin;C:\Program Files\CMake\bin;C:\ProgramData\chocolatey\bin;C:\Users\twbra\AppData\Local\Programs\Python\Python36\Scripts\;C:\Users\twbra\AppData\Local\Programs\Python\Python36\;C:\Users\twbra\AppData\Local\Microsoft\WindowsApps;C:\Users\twbra\AppData\Local\Programs\Microsoft VS Code\bin;C:\Program Files\Java\jdk1.8.0_201\bin;D:\apps\xampp\php;D:\apps\ffmpeg\ffmpeg-20190319-f8075b2-win64-static\bin;C:\Users\twbra\AppData\Roaming\npm;C:\apps\platform-tools;C:\Users\twbra\AppData\Roaming\Composer\vendor\bin;C:\Program Files\Docker Toolbox;C:\Program Files\heroku\bin;C:\Program Files (x86)\Google\Chrome\Application;C:\Program Files\Java\visualvm_201\bin;C:\apps\minergate;C:\apps\gradle\gradle-4.10.3\bin;C:\apps\maven\apache-maven-3.6.3\bin;;."/>
    <property name="java.vm.info" value="mixed mode"/>
    <property name="java.vendor" value="Amazon.com Inc."/>
    <property name="java.vm.version" value="11.0.10+9-LTS"/>
    <property name="sun.io.unicode.encoding" value="UnicodeLittle"/>
    <property name="java.class.version" value="55.0"/>
  </properties>
  <testcase name="someFunc" classname="tw.edu.nctu.cs.lxchen.st.lab3_mvn.TestPriorityQueue" time="0"/>
</testsuite>